<?xml version="1.0" encoding="UTF-8"?>
<robot generator="Robot 7.0 (Python 3.12.2 on darwin)" generated="2024-04-29T14:07:45.513296" rpa="false" schemaversion="5">
<suite id="s1" name="Example" source="/Users/manju/qase/python/qase-robot/tests/example.robot">
<test id="s1-t1" name="Example Test Case" line="5">
<kw name="Log" owner="BuiltIn">
<msg time="2024-04-29T14:07:46.763478" level="INFO">This is a log message</msg>
<arg>This is a log message</arg>
<doc>Logs the given message with the given level.</doc>
<status status="PASS" start="2024-04-29T14:07:46.763390" elapsed="0.000153"/>
</kw>
<kw name="Evaluate" owner="BuiltIn">
<msg time="2024-04-29T14:07:46.763753" level="INFO">${result} = 4</msg>
<var>${result}</var>
<arg>2 + 2</arg>
<doc>Evaluates the given expression in Python and returns the result.</doc>
<status status="PASS" start="2024-04-29T14:07:46.763654" elapsed="0.000141"/>
</kw>
<kw name="Should Be Equal As Numbers" owner="BuiltIn">
<msg time="2024-04-29T14:07:46.763925" level="INFO">Argument types are:
&lt;class 'int'&gt;
&lt;class 'str'&gt;</msg>
<arg>${result}</arg>
<arg>4</arg>
<doc>Fails if objects are unequal after converting them to real numbers.</doc>
<status status="PASS" start="2024-04-29T14:07:46.763860" elapsed="0.000120"/>
</kw>
<doc>Example test case without opening a browser</doc>
<status status="PASS" start="2024-04-29T14:07:46.762962" elapsed="0.001077"/>
</test>
<doc>Example Test Suite</doc>
<status status="PASS" start="2024-04-29T14:07:46.748140" elapsed="0.016111"/>
</suite>
<statistics>
<total>
<stat pass="1" fail="0" skip="0">All Tests</stat>
</total>
<tag>
</tag>
<suite>
<stat pass="1" fail="0" skip="0" id="s1" name="Example">Example</stat>
</suite>
</statistics>
<errors>
</errors>
</robot>
